<?xml version="1.0" encoding="UTF-8"?>
<testsuite name="TestSuite" time="11.504" tests="1" errors="0" skipped="0" failures="0">
  <properties>
    <property name="java.runtime.name" value="Java(TM) SE Runtime Environment"/>
    <property name="sun.boot.library.path" value="C:\Program Files (x86)\Java\jdk1.7.0_03\jre\bin"/>
    <property name="java.vm.version" value="22.1-b02"/>
    <property name="java.vm.vendor" value="Oracle Corporation"/>
    <property name="java.vendor.url" value="http://java.oracle.com/"/>
    <property name="path.separator" value=";"/>
    <property name="guice.disable.misplaced.annotation.check" value="true"/>
    <property name="java.vm.name" value="Java HotSpot(TM) Client VM"/>
    <property name="file.encoding.pkg" value="sun.io"/>
    <property name="user.script" value=""/>
    <property name="user.country" value="US"/>
    <property name="sun.java.launcher" value="SUN_STANDARD"/>
    <property name="sun.os.patch.level" value="Service Pack 1"/>
    <property name="java.vm.specification.name" value="Java Virtual Machine Specification"/>
    <property name="user.dir" value="E:\xerox\seleniumMaven-master\seleniumMaven-master"/>
    <property name="java.runtime.version" value="1.7.0_03-b05"/>
    <property name="java.awt.graphicsenv" value="sun.awt.Win32GraphicsEnvironment"/>
    <property name="java.endorsed.dirs" value="C:\Program Files (x86)\Java\jdk1.7.0_03\jre\lib\endorsed"/>
    <property name="os.arch" value="x86"/>
    <property name="java.io.tmpdir" value="C:\Users\nagaj\AppData\Local\Temp\"/>
    <property name="line.separator" value="&#10;"/>
    <property name="java.vm.specification.vendor" value="Oracle Corporation"/>
    <property name="user.variant" value=""/>
    <property name="os.name" value="Windows 7"/>
    <property name="classworlds.conf" value="E:\Drop_Box\.metadata\.plugins\org.eclipse.m2e.launching\launches\m2conf8888603644377456486.tmp"/>
    <property name="sun.jnu.encoding" value="Cp1252"/>
    <property name="java.library.path" value="C:\Program Files (x86)\Java\jdk1.7.0_03\bin;C:\Windows\Sun\Java\bin;C:\Windows\system32;C:\Windows;C:/Program Files (x86)/Java/jre7/bin/client;C:/Program Files (x86)/Java/jre7/bin;C:/Program Files (x86)/Java/jre7/lib/i386;C:\Program Files (x86)\IBM\RationalSDLC\common;C:\Windows\system32;C:\Windows;C:\Windows\System32\Wbem;C:\Windows\System32\WindowsPowerShell\v1.0\;C:\Program Files\TortoiseSVN\bin;C:\Program Files\Java\jdk1.7.0_01;C:\Program Files\Java\jdk1.7.0_01\bin;C:\Program Files (x86)\Java\jdk1.7.0_03\bin\jacob-1.17-x86.dll;E:\Drivers\IEDriverServer_x64_2.35.3\IEDriverServer.exe;C:\\Users\\nagaj\\Desktop\\jacob-1.17\\jacob-1.17-x86.dll;C:\apache-ant-1.9.3\bin;E:\apache-maven-3.0.4\bin;C:\Program Files (x86)\IBM\gsk8\lib;C:\Program Files (x86)\IBM\gsk8\bin;C:\Program Files (x86)\IBM\RationalSDLC\common;C:\Windows\system32;C:\Windows;C:\Windows\System32\Wbem;C:\Windows\System32\WindowsPowerShell\v1.0\;C:\Program Files\TortoiseSVN\bin;C:\Program Files\Java\jdk1.7.0_01;C:\Program Files\Java\jdk1.7.0_01\bin;C:\Program Files (x86)\Java\jdk1.7.0_03\bin\jacob-1.17-x86.dll;E:\Drivers\IEDriverServer_x64_2.35.3\IEDriverServer.exe;C:\\Users\\nagaj\\Desktop\\jacob-1.17\\jacob-1.17-x86.dll;C:\apache-ant-1.9.3\bin;E:\apache-maven-3.0.4\bin;C:\Program Files (x86)\IBM\gsk8\lib;C:\Program Files (x86)\IBM\gsk8\bin;C:\Program Files (x86)\IBM\RationalSDLC\common;C:\Windows\system32;C:\Windows;C:\Windows\System32\Wbem;C:\Windows\System32\WindowsPowerShell\v1.0\;C:\Program Files\TortoiseSVN\bin;C:\Program Files\Java\jdk1.7.0_01;C:\Program Files\Java\jdk1.7.0_01\bin;C:\Program Files (x86)\Java\jdk1.7.0_03\bin\jacob-1.17-x86.dll;E:\Drivers\IEDriverServer_x64_2.35.3\IEDriverServer.exe;C:\\Users\\nagaj\\Desktop\\jacob-1.17\\jacob-1.17-x86.dll;C:\apache-ant-1.9.3\bin;%M2_HOME%\bin;C:\Program Files (x86)\IBM\gsk8\lib;C:\Program Files (x86)\IBM\gsk8\bin;C:\Windows\System32;E:\adt\sdk\tools;E:\adt\sdk\platform-tools;C:\Program Files\nodejs\;E:\adt\sdk\;E:\adt\sdk\tools\;E:\adt\sdk\platform-tools\;C:\Program Files\Amazon\AWSCLI\;C:\cygwin64\bin;E:\adt\sdk\tools;E:\adt\sdk\platform-tools;C:\Program Files\nodejs\;E:\adt\sdk\;E:\adt\sdk\tools\;E:\adt\sdk\platform-tools\;C:\Program Files\Amazon\AWSCLI\;C:\cygwin64\bin;E:\adt\sdk\tools;E:\adt\sdk\platform-tools;C:\Program Files\nodejs\;E:\adt\sdk\;E:\adt\sdk\tools\;E:\adt\sdk\platform-tools\;C:\Program Files\Amazon\AWSCLI\;C:\cygwin64\bin;C:\Ruby21-x64\bin;C:\Program Files (x86)\Java\jdk1.7.0_03\bin;C:\Program Files (x86)\Java\jdk1.7.0_03\bin\jacob-1.17-x86.dll;C:\Users\nagaj\AppData\Roaming\npm;E:\eclipse-standard-kepler-R-win32\eclipse;;."/>
    <property name="java.specification.name" value="Java Platform API Specification"/>
    <property name="java.class.version" value="51.0"/>
    <property name="sun.management.compiler" value="HotSpot Client Compiler"/>
    <property name="os.version" value="6.1"/>
    <property name="user.home" value="C:\Users\nagaj"/>
    <property name="user.timezone" value="Asia/Calcutta"/>
    <property name="java.awt.printerjob" value="sun.awt.windows.WPrinterJob"/>
    <property name="java.specification.version" value="1.7"/>
    <property name="file.encoding" value="Cp1252"/>
    <property name="user.name" value="nagaj"/>
    <property name="java.class.path" value="/E:/eclipse-standard-kepler-R-win32/eclipse/configuration/org.eclipse.osgi/bundles/895/1/.cp/jars/plexus-classworlds-2.4.jar"/>
    <property name="java.vm.specification.version" value="1.7"/>
    <property name="sun.arch.data.model" value="32"/>
    <property name="java.home" value="C:\Program Files (x86)\Java\jdk1.7.0_03\jre"/>
    <property name="sun.java.command" value="org.codehaus.plexus.classworlds.launcher.Launcher -B package"/>
    <property name="java.specification.vendor" value="Oracle Corporation"/>
    <property name="user.language" value="en"/>
    <property name="awt.toolkit" value="sun.awt.windows.WToolkit"/>
    <property name="java.vm.info" value="mixed mode, sharing"/>
    <property name="java.version" value="1.7.0_03"/>
    <property name="java.ext.dirs" value="C:\Program Files (x86)\Java\jdk1.7.0_03\jre\lib\ext;C:\Windows\Sun\Java\lib\ext"/>
    <property name="sun.boot.class.path" value="C:\Program Files (x86)\Java\jdk1.7.0_03\jre\lib\resources.jar;C:\Program Files (x86)\Java\jdk1.7.0_03\jre\lib\rt.jar;C:\Program Files (x86)\Java\jdk1.7.0_03\jre\lib\sunrsasign.jar;C:\Program Files (x86)\Java\jdk1.7.0_03\jre\lib\jsse.jar;C:\Program Files (x86)\Java\jdk1.7.0_03\jre\lib\jce.jar;C:\Program Files (x86)\Java\jdk1.7.0_03\jre\lib\charsets.jar;C:\Program Files (x86)\Java\jdk1.7.0_03\jre\classes"/>
    <property name="java.vendor" value="Oracle Corporation"/>
    <property name="maven.home" value="E:\xerox\seleniumMaven-master\seleniumMaven-master\EMBEDDED"/>
    <property name="file.separator" value="\"/>
    <property name="java.vendor.url.bug" value="http://bugreport.sun.com/bugreport/"/>
    <property name="maven.bootclasspath" value="/E:/eclipse-standard-kepler-R-win32/eclipse/configuration/org.eclipse.osgi/bundles/895/1/.cp/jars/plexus-classworlds-2.4.jar"/>
    <property name="sun.cpu.endian" value="little"/>
    <property name="sun.io.unicode.encoding" value="UnicodeLittle"/>
    <property name="sun.desktop" value="windows"/>
    <property name="sun.cpu.isalist" value="pentium_pro+mmx pentium_pro pentium+mmx pentium i486 i386 i86"/>
  </properties>
  <testcase name="example" classname="smoketest.TC_002" time="11.504"/>
</testsuite>