<?xml version="1.0" encoding="UTF-8"?>
<!-- Generated by org.testng.reporters.JUnitReportReporter -->
<testsuite hostname="COE211012293" name="smoketest.TC_002" tests="1" failures="0" timestamp="18 Feb 2015 12:01:06 GMT" time="11.505" errors="0">
  <testcase name="example" time="11.505" classname="smoketest.TC_002"/>
</testsuite> <!-- smoketest.TC_002 -->
